<?xml version="1.0" encoding="UTF-8" ?>
<testsuite tests="1" failures="0" name="cn.mldn.microcloud.api.AppTest" time="0.003" errors="0" skipped="0">
  <properties>
    <property name="java.runtime.name" value="Java(TM) SE Runtime Environment"/>
    <property name="sun.boot.library.path" value="D:\Java\jdk1.8.0_74\jre\bin"/>
    <property name="java.vm.version" value="25.74-b02"/>
    <property name="java.vm.vendor" value="Oracle Corporation"/>
    <property name="maven.multiModuleProjectDirectory" value="E:\eclipse_workspace\simplework\microcloud\microcloud-api"/>
    <property name="java.vendor.url" value="http://java.oracle.com/"/>
    <property name="path.separator" value=";"/>
    <property name="guice.disable.misplaced.annotation.check" value="true"/>
    <property name="java.vm.name" value="Java HotSpot(TM) 64-Bit Server VM"/>
    <property name="file.encoding.pkg" value="sun.io"/>
    <property name="user.script" value=""/>
    <property name="user.country" value="CN"/>
    <property name="sun.java.launcher" value="SUN_STANDARD"/>
    <property name="sun.os.patch.level" value="Service Pack 1"/>
    <property name="java.vm.specification.name" value="Java Virtual Machine Specification"/>
    <property name="user.dir" value="E:\eclipse_workspace\simplework\microcloud\microcloud-api"/>
    <property name="java.runtime.version" value="1.8.0_74-b02"/>
    <property name="java.awt.graphicsenv" value="sun.awt.Win32GraphicsEnvironment"/>
    <property name="java.endorsed.dirs" value="D:\Java\jdk1.8.0_74\jre\lib\endorsed"/>
    <property name="os.arch" value="amd64"/>
    <property name="java.io.tmpdir" value="C:\Users\mldn\AppData\Local\Temp\"/>
    <property name="line.separator" value="
"/>
    <property name="java.vm.specification.vendor" value="Oracle Corporation"/>
    <property name="user.variant" value=""/>
    <property name="os.name" value="Windows 7"/>
    <property name="classworlds.conf" value="E:\eclipse_workspace\simplework\.metadata\.plugins\org.eclipse.m2e.launching\launches\m2conf8642762044452974871.tmp"/>
    <property name="sun.jnu.encoding" value="GBK"/>
    <property name="java.library.path" value="D:\Java\jdk1.8.0_74\bin;C:\Windows\Sun\Java\bin;C:\Windows\system32;C:\Windows;D:/Java/jdk1.8.0_74/bin/../jre/bin/server;D:/Java/jdk1.8.0_74/bin/../jre/bin;D:/Java/jdk1.8.0_74/bin/../jre/lib/amd64;D:\Java\jdk1.8.0_74\bin;C:\ProgramData\Oracle\Java\javapath;D:\app\mldn\product\11.2.0\dbhome_1\bin;C:\Windows\system32;C:\Windows;C:\Windows\System32\Wbem;C:\Windows\System32\WindowsPowerShell\v1.0\;D:\Program Files (x86)\Subversion\bin;C:\Program Files\VanDyke Software\Clients\;D:\Program Files (x86)\MySQL\MySQL Server 5.0\bin;D:\Program Files\Git\cmd;;C:\Program Files\Docker Toolbox;D:\eclipse;;."/>
    <property name="java.specification.name" value="Java Platform API Specification"/>
    <property name="java.class.version" value="52.0"/>
    <property name="sun.management.compiler" value="HotSpot 64-Bit Tiered Compilers"/>
    <property name="os.version" value="6.1"/>
    <property name="user.home" value="C:\Users\mldn"/>
    <property name="user.timezone" value="Asia/Shanghai"/>
    <property name="java.awt.printerjob" value="sun.awt.windows.WPrinterJob"/>
    <property name="java.specification.version" value="1.8"/>
    <property name="file.encoding" value="UTF-8"/>
    <property name="user.name" value="mldn"/>
    <property name="java.class.path" value="/D:/eclipse/plugins/org.eclipse.m2e.maven.runtime_1.7.0.20160603-1931/jars/plexus-classworlds-2.5.2.jar"/>
    <property name="java.vm.specification.version" value="1.8"/>
    <property name="sun.arch.data.model" value="64"/>
    <property name="java.home" value="D:\Java\jdk1.8.0_74\jre"/>
    <property name="sun.java.command" value="org.codehaus.plexus.classworlds.launcher.Launcher -B -gs D:\apache-maven\conf\settings.xml install"/>
    <property name="java.specification.vendor" value="Oracle Corporation"/>
    <property name="user.language" value="zh"/>
    <property name="awt.toolkit" value="sun.awt.windows.WToolkit"/>
    <property name="java.vm.info" value="mixed mode"/>
    <property name="java.version" value="1.8.0_74"/>
    <property name="java.ext.dirs" value="D:\Java\jdk1.8.0_74\jre\lib\ext;C:\Windows\Sun\Java\lib\ext"/>
    <property name="sun.boot.class.path" value="D:\Java\jdk1.8.0_74\jre\lib\resources.jar;D:\Java\jdk1.8.0_74\jre\lib\rt.jar;D:\Java\jdk1.8.0_74\jre\lib\sunrsasign.jar;D:\Java\jdk1.8.0_74\jre\lib\jsse.jar;D:\Java\jdk1.8.0_74\jre\lib\jce.jar;D:\Java\jdk1.8.0_74\jre\lib\charsets.jar;D:\Java\jdk1.8.0_74\jre\lib\jfr.jar;D:\Java\jdk1.8.0_74\jre\classes"/>
    <property name="java.vendor" value="Oracle Corporation"/>
    <property name="maven.home" value="E:\eclipse_workspace\simplework\microcloud\microcloud-api\EMBEDDED"/>
    <property name="file.separator" value="\"/>
    <property name="java.vendor.url.bug" value="http://bugreport.sun.com/bugreport/"/>
    <property name="sun.cpu.endian" value="little"/>
    <property name="sun.io.unicode.encoding" value="UnicodeLittle"/>
    <property name="sun.desktop" value="windows"/>
    <property name="sun.cpu.isalist" value="amd64"/>
  </properties>
  <testcase classname="cn.mldn.microcloud.api.AppTest" name="testApp" time="0.003"/>
</testsuite>